<?xml version="1.0" encoding="UTF-8"?>
<testsuite name="com.integra.ach.runners.EditarUnCicloRunnerHoraMas5Minutos" tests="0" skipped="0" failures="0" errors="0" timestamp="1970-01-01T00:00:00" hostname="PE-HO-ACH-018" time="0.0">
  <properties/>
  <system-out><![CDATA[
?[31mFailed scenarios:?[0m
?[31msrc/test/resources/com.integra.ach.features/SubirArchivo.feature:12 ?[0m# Editar un ciclo de tiempo

1 Scenarios (?[31m1 failed?[0m)
3 Steps (?[31m1 failed?[0m, ?[36m1 skipped?[0m, ?[32m1 passed?[0m)
0m31,693s

org.openqa.selenium.NoSuchElementException: no such element: Unable to locate element: {"method":"xpath","selector":"/html/body/div[3]/div/div[2]/aside/div[2]/div/section/div/ul/li[13]/a/span"}
  (Session info: chrome=128.0.6613.138)
For documentation on this error, please visit: https://www.seleniumhq.org/exceptions/no_such_element.html
Build info: version: '3.141.59', revision: 'e82be7d358', time: '2018-11-14T08:17:03'
System info: host: 'PE-HO-ACH-018', ip: '192.168.247.243', os.name: 'Windows 10', os.arch: 'amd64', os.version: '10.0', java.version: '17.0.10'
Driver info: org.openqa.selenium.chrome.ChromeDriver
Capabilities {acceptInsecureCerts: false, browserName: chrome, browserVersion: 128.0.6613.138, chrome: {chromedriverVersion: 128.0.6613.137 (fe621c5aa2d..., userDataDir: C:\Users\SERGIO~1\AppData\L...}, fedcm:accounts: true, goog:chromeOptions: {debuggerAddress: localhost:58852}, javascriptEnabled: true, networkConnectionEnabled: false, pageLoadStrategy: normal, platform: WINDOWS, platformName: WINDOWS, proxy: Proxy(), setWindowRect: true, strictFileInteractability: false, timeouts: {implicit: 0, pageLoad: 300000, script: 30000}, unhandledPromptBehavior: dismiss and notify, webauthn:extension:credBlob: true, webauthn:extension:largeBlob: true, webauthn:extension:minPinLength: true, webauthn:extension:prf: true, webauthn:virtualAuthenticators: true}
Session ID: 7994091225d18b79d1084c55d9647dd9
*** Element info: {Using=xpath, value=/html/body/div[3]/div/div[2]/aside/div[2]/div/section/div/ul/li[13]/a/span}
	at java.base/jdk.internal.reflect.NativeConstructorAccessorImpl.newInstance0(Native Method)
	at java.base/jdk.internal.reflect.NativeConstructorAccessorImpl.newInstance(NativeConstructorAccessorImpl.java:77)
	at java.base/jdk.internal.reflect.DelegatingConstructorAccessorImpl.newInstance(DelegatingConstructorAccessorImpl.java:45)
	at java.base/java.lang.reflect.Constructor.newInstanceWithCaller(Constructor.java:499)
	at java.base/java.lang.reflect.Constructor.newInstance(Constructor.java:480)
	at org.openqa.selenium.remote.http.W3CHttpResponseCodec.createException(W3CHttpResponseCodec.java:187)
	at org.openqa.selenium.remote.http.W3CHttpResponseCodec.decode(W3CHttpResponseCodec.java:122)
	at org.openqa.selenium.remote.http.W3CHttpResponseCodec.decode(W3CHttpResponseCodec.java:49)
	at org.openqa.selenium.remote.HttpCommandExecutor.execute(HttpCommandExecutor.java:158)
	at org.openqa.selenium.remote.service.DriverCommandExecutor.execute(DriverCommandExecutor.java:83)
	at org.openqa.selenium.remote.RemoteWebDriver.execute(RemoteWebDriver.java:552)
	at org.openqa.selenium.remote.RemoteWebDriver.findElement(RemoteWebDriver.java:323)
	at org.openqa.selenium.remote.RemoteWebDriver.findElementByXPath(RemoteWebDriver.java:428)
	at org.openqa.selenium.By$ByXPath.findElement(By.java:353)
	at org.openqa.selenium.remote.RemoteWebDriver.findElement(RemoteWebDriver.java:315)
	at net.thucydides.core.webdriver.WebDriverFacade.findElement(WebDriverFacade.java:222)
	at com.integra.ach.steps.IntegraMenuPrincipalStep.clickCatalogo(IntegraMenuPrincipalStep.java:36)
	at com.integra.ach.steps.IntegraMenuPrincipalStep$$EnhancerByCGLIB$$a41fddbb.CGLIB$clickCatalogo$1(<generated>)
	at com.integra.ach.steps.IntegraMenuPrincipalStep$$EnhancerByCGLIB$$a41fddbb$$FastClassByCGLIB$$a3484ee9.invoke(<generated>)
	at net.sf.cglib.proxy.MethodProxy.invokeSuper(MethodProxy.java:228)
	at net.thucydides.core.steps.StepInterceptor.invokeMethod(StepInterceptor.java:460)
	at net.thucydides.core.steps.StepInterceptor.executeTestStepMethod(StepInterceptor.java:445)
	at net.thucydides.core.steps.StepInterceptor.runTestStep(StepInterceptor.java:420)
	at net.thucydides.core.steps.StepInterceptor.runOrSkipMethod(StepInterceptor.java:175)
	at net.thucydides.core.steps.StepInterceptor.testStepResult(StepInterceptor.java:162)
	at net.thucydides.core.steps.StepInterceptor.intercept(StepInterceptor.java:68)
	at com.integra.ach.steps.IntegraMenuPrincipalStep$$EnhancerByCGLIB$$a41fddbb.clickCatalogo(<generated>)
	at com.integra.ach.stepDefinitions.EditarUnCicloStepDefinition.ingresarACicloDeTiempoYEditoLaInformacionDelCiclohoraMas5Minutos(EditarUnCicloStepDefinition.java:31)
	at ?.Ingresar a ciclo de tiempo y edito la informacion del ciclo horaMas5Minutos "1"(src/test/resources/com.integra.ach.features/SubirArchivo.feature:7)

]]></system-out>
  <system-err><![CDATA[SLF4J: Class path contains multiple SLF4J bindings.
SLF4J: Found binding in [jar:file:/C:/Users/sergiomolina/.gradle/caches/modules-2/files-2.1/org.slf4j/slf4j-simple/1.7.7/8095d0b9f7e0a9cd79a663c740e0f8fb31d0e2c8/slf4j-simple-1.7.7.jar!/org/slf4j/impl/StaticLoggerBinder.class]
SLF4J: Found binding in [jar:file:/C:/Users/sergiomolina/.gradle/caches/modules-2/files-2.1/org.slf4j/slf4j-nop/1.7.28/e427e2f69d0a8508994e0a754a44d5212fa38b56/slf4j-nop-1.7.28.jar!/org/slf4j/impl/StaticLoggerBinder.class]
SLF4J: See http://www.slf4j.org/codes.html#multiple_bindings for an explanation.
SLF4J: Actual binding is of type [org.slf4j.impl.SimpleLoggerFactory]
[Test worker] INFO net.thucydides.core.steps.ConsoleLoggingListener - 

-------------------------------------------------------------------------------------
     _______. _______ .______       _______ .__   __.  __  .___________.____    ____ 
    /       ||   ____||   _  \     |   ____||  \ |  | |  | |           |\   \  /   / 
   |   (----`|  |__   |  |_)  |    |  |__   |   \|  | |  | `---|  |----` \   \/   /  
    \   \    |   __|  |      /     |   __|  |  . `  | |  |     |  |       \_    _/   
.----)   |   |  |____ |  |\  \----.|  |____ |  |\   | |  |     |  |         |  |     
|_______/    |_______|| _| `._____||_______||__| \__| |__|     |__|         |__|    
                                                                                     
 News and tutorials at http://www.serenity-bdd.info                                  
 Documentation at https://wakaleo.gitbooks.io/the-serenity-book/content/             
 Join the Serenity Community on Rocket Chat at https://serenity-bdd.rocket.chat      
 Serenity BDD Support and Training at http://serenity-bdd.info/#/trainingandsupport  
 Learn Serenity BDD online at http://serenity-dojo.com                               
-------------------------------------------------------------------------------------

[Test worker] INFO net.thucydides.core.steps.ConsoleLoggingListener - Test Suite Started: Prueba cuadre y consolidacion
[Test worker] INFO net.thucydides.core.steps.ConsoleLoggingListener - Test Suite Started: Prueba planilla consolidada
[Test worker] INFO net.thucydides.core.steps.ConsoleLoggingListener - Test Suite Started: Prueba planilla de compensacion
[Test worker] INFO net.thucydides.core.steps.ConsoleLoggingListener - Test Suite Started: Prueba de operaciones de ciclo y subir archivo
[Test worker] INFO net.thucydides.core.steps.ConsoleLoggingListener - Test Suite Started: Prueba cuadre y consolidacion
[Test worker] INFO net.thucydides.core.steps.ConsoleLoggingListener - Test Suite Started: Prueba planilla consolidada
[Test worker] INFO net.thucydides.core.steps.ConsoleLoggingListener - Test Suite Started: Prueba planilla de compensacion
[Test worker] INFO net.thucydides.core.steps.ConsoleLoggingListener - Test Suite Started: Prueba de operaciones de ciclo y subir archivo
[Test worker] INFO net.thucydides.core.steps.ConsoleLoggingListener - 
 _____ _____ ____ _____   ____ _____  _    ____ _____ _____ ____  
|_   _| ____/ ___|_   _| / ___|_   _|/ \  |  _ \_   _| ____|  _ \ 
  | | |  _| \___ \ | |   \___ \ | | / _ \ | |_) || | |  _| | | | |
  | | | |___ ___) || |    ___) || |/ ___ \|  _ < | | | |___| |_| |
  |_| |_____|____/ |_|   |____/ |_/_/   \_\_| \_\|_| |_____|____/ 
                                                                  

TEST STARTED: Editar un ciclo de tiempo
-------------------------------------------------------------------(prueba-de-operaciones-de-ciclo-y-subir-archivo;editar-un-ciclo-de-tiempo)
]]></system-err>
</testsuite>
